{"C:\\Users\\TejaSaiManikantaManc\\Desktop\\ExportFileTeja\\UNIT-TESTS_NODEJS_JEST_FRAMEWORK\\calculator.js": {"path":"C:\\Users\\TejaSaiManikantaManc\\Desktop\\ExportFileTeja\\UNIT-TESTS_NODEJS_JEST_FRAMEWORK\\calculator.js","statementMap":{"0":{"start":{"line":1,"column":11},"end":{"line":4,"column":1}},"1":{"start":{"line":2,"column":4},"end":{"line":2,"column":16}},"2":{"start":{"line":6,"column":19},"end":{"line":8,"column":1}},"3":{"start":{"line":7,"column":4},"end":{"line":7,"column":14}},"4":{"start":{"line":10,"column":17},"end":{"line":12,"column":1}},"5":{"start":{"line":11,"column":4},"end":{"line":11,"column":14}},"6":{"start":{"line":14,"column":0},"end":{"line":18,"column":1}}},"fnMap":{"0":{"name":"(anonymous_0)","decl":{"start":{"line":1,"column":11},"end":{"line":1,"column":12}},"loc":{"start":{"line":1,"column":18},"end":{"line":4,"column":1}},"line":1},"1":{"name":"(anonymous_1)","decl":{"start":{"line":6,"column":19},"end":{"line":6,"column":20}},"loc":{"start":{"line":6,"column":26},"end":{"line":8,"column":1}},"line":6},"2":{"name":"(anonymous_2)","decl":{"start":{"line":10,"column":17},"end":{"line":10,"column":18}},"loc":{"start":{"line":10,"column":24},"end":{"line":12,"column":1}},"line":10}},"branchMap":{},"s":{"0":1,"1":3,"2":1,"3":2,"4":1,"5":2,"6":1},"f":{"0":3,"1":2,"2":2},"b":{},"_coverageSchema":"1a1c01bbd47fc00a2c39e90264f33305004495a9","hash":"c4ff5ddb25c5c06df9cab5554ad067b60a15c941"}
}
